Arguments: 
  /Users/sccofield/.nvm/versions/node/v12.9.1/bin/node /usr/local/Cellar/yarn/1.3.2/libexec/bin/yarn.js install

PATH: 
  /Users/sccofield/.nvm/versions/node/v12.9.1/bin:/Library/Frameworks/Python.framework/Versions/3.6/bin:/Library/Frameworks/Python.framework/Versions/3.6/bin:/usr/local/bin:/usr/bin:/bin:/usr/sbin:/sbin

Yarn version: 
  1.3.2

Node version: 
  12.9.1

Platform: 
  darwin x64

npm manifest: 
  {
    "main": "node_modules/expo/AppEntry.js",
    "scripts": {
      "start": "expo start",
      "android": "expo start --android",
      "ios": "expo start --ios",
      "web": "expo start --web",
      "eject": "expo eject"
    },
    "dependencies": {
      "expo": "~36.0.0",
      "react": "~16.9.0",
      "react-dom": "~16.9.0",
      "react-native": "https://github.com/expo/react-native/archive/sdk-36.0.0.tar.gz",
      "react-native-web": "~0.11.7"
    },
    "devDependencies": {
      "babel-preset-expo": "~8.0.0",
      "@babel/core": "^7.0.0"
    },
    "private": true
  }

yarn manifest: 
  No manifest

Lockfile: 
  No lockfile

Trace: 
  Error: https://registry.yarnpkg.com/@babel%2ftraverse: ETIMEDOUT
      at Timeout._onTimeout (/usr/local/Cellar/yarn/1.3.2/libexec/lib/cli.js:123749:19)
      at listOnTimeout (internal/timers.js:531:17)
      at processTimers (internal/timers.js:475:7)
